#
# A fatal error has been detected by the Java Runtime Environment:
#
#  SIGBUS (0xa) at pc=0x000000010cfede92, pid=2436, tid=0x0000000000001703
#
# JRE version: Java(TM) SE Runtime Environment (8.0_102-b14) (build 1.8.0_102-b14)
# Java VM: Java HotSpot(TM) 64-Bit Server VM (25.102-b14 mixed mode bsd-amd64 compressed oops)
# Problematic frame:
# C  [libzip.dylib+0x2e92]  newEntry+0x154
#
# Failed to write core dump. Core dumps have been disabled. To enable core dumping, try "ulimit -c unlimited" before starting Java again
#
# If you would like to submit a bug report, please visit:
#   http://bugreport.java.com/bugreport/crash.jsp
# The crash happened outside the Java Virtual Machine in native code.
# See problematic frame for where to report the bug.
#

---------------  T H R E A D  ---------------

Current thread (0x00007fc0fb806800):  JavaThread "main" [_thread_in_native, id=5891, stack(0x000070000011a000,0x000070000021a000)]

siginfo: si_signo: 10 (SIGBUS), si_code: 2 (BUS_ADRERR), si_addr: 0x000000012734a38d

Registers:
RAX=0x00007fc0fc530e70, RBX=0x000000012734a381, RCX=0x0000000000000500, RDX=0x0000000000000000
RSP=0x00007000002181a0, RBP=0x0000700000218200, RSI=0x00007fc0fc100000, RDI=0x000000010cd72400
R8 =0x0000000000000004, R9 =0x00000000fc000000, R10=0x000000010efed9a8, R11=0x000000010e4e3a5f
R12=0x0000000000000000, R13=0x0000000123063428, R14=0x00007fc0fc530e70, R15=0x00007fc0fb806800
RIP=0x000000010cfede92, EFLAGS=0x0000000000010206, ERR=0x0000000000000004
  TRAPNO=0x000000000000000e

Top of Stack: (sp=0x00007000002181a0)
0x00007000002181a0:   0000000796b13f20 00000001955b1260
0x00007000002181b0:   0000700000218258 00007fc0fb8069f8
0x00007000002181c0:   00007000002181e0 00007fc0fc530e70
0x00007000002181d0:   00007fc0fc157750 0000000000000021
0x00007000002181e0:   0000000000000000 0000000123063428
0x00007000002181f0:   00007fc0fc530e70 00007fc0fb806800
0x0000700000218200:   0000700000218220 000000010cfee441
0x0000700000218210:   0000000123063428 00007000002182d0
0x0000700000218220:   0000700000218230 000000010cfed157
0x0000700000218230:   00007000002182a0 000000010efed9d4
0x0000700000218240:   0000700000218290 000000010f96cb8d
0x0000700000218250:   0000000000000000 00000007955b11c8
0x0000700000218260:   0000700000218260 0000000000000000
0x0000700000218270:   00007000002182d0 0000000123064cb0
0x0000700000218280:   0000000000000000 0000000123063428
0x0000700000218290:   0000000000000000 00007000002182c0
0x00007000002182a0:   0000700000218318 000000010efdddd0
0x00007000002182b0:   00000007400017e0 000000010efe7537
0x00007000002182c0:   0000000000000021 00007fc0fc530e70
0x00007000002182d0:   0000000000000000 00007000002182d8
0x00007000002182e0:   00000001230644fa 0000700000218338
0x00007000002182f0:   0000000123064cb0 0000000000000000
0x0000700000218300:   0000000123064508 00007000002182c0
0x0000700000218310:   0000700000218328 0000700000218390
0x0000700000218320:   000000010efdddd0 0000000000000021
0x0000700000218330:   00007fc0fc530e70 00000007955afb08
0x0000700000218340:   0000000000000001 00000007955afb08
0x0000700000218350:   0000700000218340 0000000128feba96
0x0000700000218360:   00007000002183c8 0000000128febd18
0x0000700000218370:   0000000000000000 0000000128febb60
0x0000700000218380:   0000700000218328 00007000002183c8
0x0000700000218390:   0000700000218410 000000010efde040 

Instructions: (pc=0x000000010cfede92)
0x000000010cfede72:   49 8b 7f 38 e8 5b 1b 00 00 4d 89 77 38 49 89 5f
0x000000010cfede82:   40 4c 89 f0 48 85 c0 0f 84 11 05 00 00 48 89 c3
0x000000010cfede92:   0f b6 43 0c 0f b6 4b 0d 48 c1 e1 08 48 01 c1 0f
0x000000010cfedea2:   b6 43 0e 0f b6 53 0f 48 c1 e2 08 48 01 c2 48 c1 

Register to memory mapping:

RAX=0x00007fc0fc530e70 is an unknown value
RBX=0x000000012734a381 is an unknown value
RCX=0x0000000000000500 is an unknown value
RDX=0x0000000000000000 is an unknown value
RSP=0x00007000002181a0 is pointing into the stack for thread: 0x00007fc0fb806800
RBP=0x0000700000218200 is pointing into the stack for thread: 0x00007fc0fb806800
RSI=0x00007fc0fc100000 is an unknown value
RDI=0x000000010cd72400 is an unknown value
R8 =0x0000000000000004 is an unknown value
R9 =0x00000000fc000000 is an unknown value
R10=0x000000010efed9a8 is at code_begin+808 in an Interpreter codelet
method entry point (kind = native)  [0x000000010efed680, 0x000000010efedf80]  2304 bytes
R11=0x000000010e4e3a5f: throw_unsatisfied_link_error+0 in /Library/Java/JavaVirtualMachines/jdk1.8.0_102.jdk/Contents/Home/jre/lib/server/libjvm.dylib at 0x000000010e000000
R12=0x0000000000000000 is an unknown value
R13={method} {0x0000000123063428} 'getNextEntry' '(JI)J' in 'java/util/zip/ZipFile'
R14=0x00007fc0fc530e70 is an unknown value
R15=0x00007fc0fb806800 is a thread


Stack: [0x000070000011a000,0x000070000021a000],  sp=0x00007000002181a0,  free space=1016k
Native frames: (J=compiled Java code, j=interpreted, Vv=VM code, C=native code)
C  [libzip.dylib+0x2e92]  newEntry+0x154
C  [libzip.dylib+0x3441]  ZIP_GetNextEntry+0x37
C  [libzip.dylib+0x2157]  Java_java_util_zip_ZipFile_getNextEntry+0xe
j  java.util.zip.ZipFile.getNextEntry(JI)J+0
j  java.util.zip.ZipFile.access$500(JI)J+2
j  java.util.zip.ZipFile$ZipEntryIterator.next()Ljava/util/zip/ZipEntry;+54
j  java.util.zip.ZipFile$ZipEntryIterator.nextElement()Ljava/util/zip/ZipEntry;+1
j  java.util.zip.ZipFile$ZipEntryIterator.nextElement()Ljava/lang/Object;+1
j  java.util.jar.JarFile$JarEntryIterator.next()Ljava/util/jar/JarEntry;+4
j  java.util.jar.JarFile$JarEntryIterator.nextElement()Ljava/util/jar/JarEntry;+1
j  java.util.jar.JarFile$JarEntryIterator.nextElement()Ljava/lang/Object;+1
j  com.tonicsystems.jarjar.util.StandaloneJarProcessor.run(Ljava/io/File;Ljava/io/File;Lcom/tonicsystems/jarjar/util/JarProcessor;Z)V+81
j  com.tonicsystems.jarjar.JarJarMojo.execute()V+683
j  org.apache.maven.plugin.DefaultBuildPluginManager.executeMojo(Lorg/apache/maven/execution/MavenSession;Lorg/apache/maven/plugin/MojoExecution;)V+101
j  org.apache.maven.lifecycle.internal.MojoExecutor.execute(Lorg/apache/maven/execution/MavenSession;Lorg/apache/maven/plugin/MojoExecution;Lorg/apache/maven/lifecycle/internal/ProjectIndex;Lorg/apache/maven/lifecycle/internal/DependencyContext;)V+215
j  org.apache.maven.lifecycle.internal.MojoExecutor.execute(Lorg/apache/maven/execution/MavenSession;Lorg/apache/maven/plugin/MojoExecution;Lorg/apache/maven/lifecycle/internal/ProjectIndex;Lorg/apache/maven/lifecycle/internal/DependencyContext;Lorg/apache/maven/lifecycle/internal/PhaseRecorder;)V+6
j  org.apache.maven.lifecycle.internal.MojoExecutor.execute(Lorg/apache/maven/execution/MavenSession;Ljava/util/List;Lorg/apache/maven/lifecycle/internal/ProjectIndex;)V+60
j  org.apache.maven.lifecycle.internal.LifecycleModuleBuilder.buildProject(Lorg/apache/maven/execution/MavenSession;Lorg/apache/maven/execution/MavenSession;Lorg/apache/maven/lifecycle/internal/ReactorContext;Lorg/apache/maven/project/MavenProject;Lorg/apache/maven/lifecycle/internal/TaskSegment;)V+107
j  org.apache.maven.lifecycle.internal.LifecycleModuleBuilder.buildProject(Lorg/apache/maven/execution/MavenSession;Lorg/apache/maven/lifecycle/internal/ReactorContext;Lorg/apache/maven/project/MavenProject;Lorg/apache/maven/lifecycle/internal/TaskSegment;)V+7
j  org.apache.maven.lifecycle.internal.LifecycleStarter.singleThreadedBuild(Lorg/apache/maven/execution/MavenSession;Lorg/apache/maven/lifecycle/internal/ReactorContext;Lorg/apache/maven/lifecycle/internal/ProjectBuildList;Ljava/util/List;Lorg/apache/maven/lifecycle/internal/ReactorBuildStatus;)V+77
j  org.apache.maven.lifecycle.internal.LifecycleStarter.execute(Lorg/apache/maven/execution/MavenSession;)V+421
j  org.apache.maven.DefaultMaven.doExecute(Lorg/apache/maven/execution/MavenExecutionRequest;)Lorg/apache/maven/execution/MavenExecutionResult;+585
j  org.apache.maven.DefaultMaven.execute(Lorg/apache/maven/execution/MavenExecutionRequest;)Lorg/apache/maven/execution/MavenExecutionResult;+11
j  org.apache.maven.cli.MavenCli.execute(Lorg/apache/maven/cli/MavenCli$CliRequest;)I+19
j  org.apache.maven.cli.MavenCli.doMain(Lorg/apache/maven/cli/MavenCli$CliRequest;)I+53
j  org.apache.maven.cli.MavenCli.main([Ljava/lang/String;Lorg/codehaus/plexus/classworlds/ClassWorld;)I+18
v  ~StubRoutines::call_stub
V  [libjvm.dylib+0x2ed5e2]
V  [libjvm.dylib+0x4d1f7c]
V  [libjvm.dylib+0x4d24b0]
V  [libjvm.dylib+0x3459ec]
j  sun.reflect.NativeMethodAccessorImpl.invoke0(Ljava/lang/reflect/Method;Ljava/lang/Object;[Ljava/lang/Object;)Ljava/lang/Object;+0
j  sun.reflect.NativeMethodAccessorImpl.invoke(Ljava/lang/Object;[Ljava/lang/Object;)Ljava/lang/Object;+100
j  sun.reflect.DelegatingMethodAccessorImpl.invoke(Ljava/lang/Object;[Ljava/lang/Object;)Ljava/lang/Object;+6
j  java.lang.reflect.Method.invoke(Ljava/lang/Object;[Ljava/lang/Object;)Ljava/lang/Object;+56
j  org.codehaus.plexus.classworlds.launcher.Launcher.launchEnhanced([Ljava/lang/String;)V+45
j  org.codehaus.plexus.classworlds.launcher.Launcher.launch([Ljava/lang/String;)V+2
j  org.codehaus.plexus.classworlds.launcher.Launcher.mainWithExitCode([Ljava/lang/String;)I+97
j  org.codehaus.plexus.classworlds.launcher.Launcher.main([Ljava/lang/String;)V+1
v  ~StubRoutines::call_stub
V  [libjvm.dylib+0x2ed5e2]
V  [libjvm.dylib+0x3243da]
V  [libjvm.dylib+0x31d151]
C  [java+0x3931]  JavaMain+0x9c4
C  [libsystem_pthread.dylib+0x399d]  _pthread_body+0x83
C  [libsystem_pthread.dylib+0x391a]  _pthread_body+0x0
C  [libsystem_pthread.dylib+0x1351]  thread_start+0xd
C  0x0000000000000000

Java frames: (J=compiled Java code, j=interpreted, Vv=VM code)
j  java.util.zip.ZipFile.getNextEntry(JI)J+0
j  java.util.zip.ZipFile.access$500(JI)J+2
j  java.util.zip.ZipFile$ZipEntryIterator.next()Ljava/util/zip/ZipEntry;+54
j  java.util.zip.ZipFile$ZipEntryIterator.nextElement()Ljava/util/zip/ZipEntry;+1
j  java.util.zip.ZipFile$ZipEntryIterator.nextElement()Ljava/lang/Object;+1
j  java.util.jar.JarFile$JarEntryIterator.next()Ljava/util/jar/JarEntry;+4
j  java.util.jar.JarFile$JarEntryIterator.nextElement()Ljava/util/jar/JarEntry;+1
j  java.util.jar.JarFile$JarEntryIterator.nextElement()Ljava/lang/Object;+1
j  com.tonicsystems.jarjar.util.StandaloneJarProcessor.run(Ljava/io/File;Ljava/io/File;Lcom/tonicsystems/jarjar/util/JarProcessor;Z)V+81
j  com.tonicsystems.jarjar.JarJarMojo.execute()V+683
j  org.apache.maven.plugin.DefaultBuildPluginManager.executeMojo(Lorg/apache/maven/execution/MavenSession;Lorg/apache/maven/plugin/MojoExecution;)V+101
j  org.apache.maven.lifecycle.internal.MojoExecutor.execute(Lorg/apache/maven/execution/MavenSession;Lorg/apache/maven/plugin/MojoExecution;Lorg/apache/maven/lifecycle/internal/ProjectIndex;Lorg/apache/maven/lifecycle/internal/DependencyContext;)V+215
j  org.apache.maven.lifecycle.internal.MojoExecutor.execute(Lorg/apache/maven/execution/MavenSession;Lorg/apache/maven/plugin/MojoExecution;Lorg/apache/maven/lifecycle/internal/ProjectIndex;Lorg/apache/maven/lifecycle/internal/DependencyContext;Lorg/apache/maven/lifecycle/internal/PhaseRecorder;)V+6
j  org.apache.maven.lifecycle.internal.MojoExecutor.execute(Lorg/apache/maven/execution/MavenSession;Ljava/util/List;Lorg/apache/maven/lifecycle/internal/ProjectIndex;)V+60
j  org.apache.maven.lifecycle.internal.LifecycleModuleBuilder.buildProject(Lorg/apache/maven/execution/MavenSession;Lorg/apache/maven/execution/MavenSession;Lorg/apache/maven/lifecycle/internal/ReactorContext;Lorg/apache/maven/project/MavenProject;Lorg/apache/maven/lifecycle/internal/TaskSegment;)V+107
j  org.apache.maven.lifecycle.internal.LifecycleModuleBuilder.buildProject(Lorg/apache/maven/execution/MavenSession;Lorg/apache/maven/lifecycle/internal/ReactorContext;Lorg/apache/maven/project/MavenProject;Lorg/apache/maven/lifecycle/internal/TaskSegment;)V+7
j  org.apache.maven.lifecycle.internal.LifecycleStarter.singleThreadedBuild(Lorg/apache/maven/execution/MavenSession;Lorg/apache/maven/lifecycle/internal/ReactorContext;Lorg/apache/maven/lifecycle/internal/ProjectBuildList;Ljava/util/List;Lorg/apache/maven/lifecycle/internal/ReactorBuildStatus;)V+77
j  org.apache.maven.lifecycle.internal.LifecycleStarter.execute(Lorg/apache/maven/execution/MavenSession;)V+421
j  org.apache.maven.DefaultMaven.doExecute(Lorg/apache/maven/execution/MavenExecutionRequest;)Lorg/apache/maven/execution/MavenExecutionResult;+585
j  org.apache.maven.DefaultMaven.execute(Lorg/apache/maven/execution/MavenExecutionRequest;)Lorg/apache/maven/execution/MavenExecutionResult;+11
j  org.apache.maven.cli.MavenCli.execute(Lorg/apache/maven/cli/MavenCli$CliRequest;)I+19
j  org.apache.maven.cli.MavenCli.doMain(Lorg/apache/maven/cli/MavenCli$CliRequest;)I+53
j  org.apache.maven.cli.MavenCli.main([Ljava/lang/String;Lorg/codehaus/plexus/classworlds/ClassWorld;)I+18
v  ~StubRoutines::call_stub
j  sun.reflect.NativeMethodAccessorImpl.invoke0(Ljava/lang/reflect/Method;Ljava/lang/Object;[Ljava/lang/Object;)Ljava/lang/Object;+0
j  sun.reflect.NativeMethodAccessorImpl.invoke(Ljava/lang/Object;[Ljava/lang/Object;)Ljava/lang/Object;+100
j  sun.reflect.DelegatingMethodAccessorImpl.invoke(Ljava/lang/Object;[Ljava/lang/Object;)Ljava/lang/Object;+6
j  java.lang.reflect.Method.invoke(Ljava/lang/Object;[Ljava/lang/Object;)Ljava/lang/Object;+56
j  org.codehaus.plexus.classworlds.launcher.Launcher.launchEnhanced([Ljava/lang/String;)V+45
j  org.codehaus.plexus.classworlds.launcher.Launcher.launch([Ljava/lang/String;)V+2
j  org.codehaus.plexus.classworlds.launcher.Launcher.mainWithExitCode([Ljava/lang/String;)I+97
j  org.codehaus.plexus.classworlds.launcher.Launcher.main([Ljava/lang/String;)V+1
v  ~StubRoutines::call_stub

---------------  P R O C E S S  ---------------

Java Threads: ( => current thread )
  0x00007fc0ffc7b800 JavaThread "process reaper" daemon [_thread_blocked, id=22283, stack(0x0000700000097000,0x00007000000bf000)]
  0x00007fc0fd801000 JavaThread "Service Thread" daemon [_thread_blocked, id=21251, stack(0x0000700001353000,0x0000700001453000)]
  0x00007fc0fd800000 JavaThread "C1 CompilerThread3" daemon [_thread_blocked, id=20739, stack(0x0000700001250000,0x0000700001350000)]
  0x00007fc0fa824000 JavaThread "C2 CompilerThread2" daemon [_thread_in_native, id=20227, stack(0x000070000114d000,0x000070000124d000)]
  0x00007fc0fa823800 JavaThread "C2 CompilerThread1" daemon [_thread_in_native, id=19715, stack(0x000070000104a000,0x000070000114a000)]
  0x00007fc0fb028000 JavaThread "C2 CompilerThread0" daemon [_thread_in_native, id=19203, stack(0x0000700000f47000,0x0000700001047000)]
  0x00007fc0fa810000 JavaThread "Signal Dispatcher" daemon [_thread_blocked, id=15887, stack(0x0000700000e44000,0x0000700000f44000)]
  0x00007fc0fa00d800 JavaThread "Finalizer" daemon [_thread_blocked, id=14339, stack(0x0000700000c3b000,0x0000700000d3b000)]
  0x00007fc0fa809800 JavaThread "Reference Handler" daemon [_thread_blocked, id=13827, stack(0x0000700000b38000,0x0000700000c38000)]
=>0x00007fc0fb806800 JavaThread "main" [_thread_in_native, id=5891, stack(0x000070000011a000,0x000070000021a000)]

Other Threads:
  0x00007fc0fb83e000 VMThread [stack: 0x0000700000a35000,0x0000700000b35000] [id=13315]
  0x00007fc0fa012000 WatcherThread [stack: 0x0000700001456000,0x0000700001556000] [id=21763]

VM state:not at safepoint (normal execution)

VM Mutex/Monitor currently owned by a thread: None

Heap:
 PSYoungGen      total 36864K, used 24422K [0x0000000795580000, 0x0000000798400000, 0x00000007c0000000)
  eden space 27136K, 82% used [0x0000000795580000,0x0000000796b5ba78,0x0000000797000000)
  from space 9728K, 20% used [0x0000000797a80000,0x0000000797c7e0a0,0x0000000798400000)
  to   space 10240K, 0% used [0x0000000797000000,0x0000000797000000,0x0000000797a00000)
 ParOldGen       total 50176K, used 24471K [0x0000000740000000, 0x0000000743100000, 0x0000000795580000)
  object space 50176K, 48% used [0x0000000740000000,0x00000007417e5d50,0x0000000743100000)
 Metaspace       used 29862K, capacity 30788K, committed 30848K, reserved 1077248K
  class space    used 3360K, capacity 3687K, committed 3712K, reserved 1048576K

Card table byte_map: [0x000000011e396000,0x000000011e797000] byte_map_base: 0x000000011a996000

Marking Bits: (ParMarkBitMap*) 0x000000010e8efd20
 Begin Bits: [0x000000011ea42000, 0x0000000120a42000)
 End Bits:   [0x0000000120a42000, 0x0000000122a42000)

Polling page: 0x000000010cfe1000

CodeCache: size=245760Kb used=23131Kb max_used=23131Kb free=222628Kb
 bounds [0x000000010efd6000, 0x0000000110696000, 0x000000011dfd6000]
 total_blobs=6758 nmethods=6342 adapters=328
 compilation: enabled

Compilation events (10 events):
Event: 102.349 Thread 0x00007fc0fd800000 nmethod 7033 0x0000000110672f10 code [0x00000001106733c0, 0x0000000110676a28]
Event: 102.349 Thread 0x00007fc0fd800000 7035       3       org.objectweb.asm.commons.RemappingMethodAdapter::visitTypeInsn (14 bytes)
Event: 102.350 Thread 0x00007fc0fd800000 nmethod 7035 0x0000000110677ad0 code [0x0000000110677ca0, 0x0000000110678238]
Event: 102.350 Thread 0x00007fc0fd800000 7037       3       org.objectweb.asm.FieldWriter::a (475 bytes)
Event: 102.352 Thread 0x00007fc0fd800000 nmethod 7037 0x0000000110678510 code [0x00000001106788c0, 0x0000000110679c58]
Event: 102.352 Thread 0x00007fc0fd800000 7034       3       org.objectweb.asm.MethodWriter::visitLdcInsn (176 bytes)
Event: 102.353 Thread 0x00007fc0fd800000 nmethod 7034 0x000000011067a590 code [0x000000011067a760, 0x000000011067ad48]
Event: 102.353 Thread 0x00007fc0fd800000 7030       3       org.objectweb.asm.ClassWriter::visitField (16 bytes)
Event: 102.354 Thread 0x00007fc0fd800000 nmethod 7030 0x000000011067afd0 code [0x000000011067b140, 0x000000011067b368]
Event: 102.354 Thread 0x00007fc0fd800000 7040       3       org.objectweb.asm.MethodWriter::a (855 bytes)

GC Heap History (10 events):
Event: 66.980 GC heap before
{Heap before GC invocations=13 (full 1):
 PSYoungGen      total 39424K, used 37140K [0x0000000795580000, 0x0000000798680000, 0x00000007c0000000)
  eden space 29696K, 100% used [0x0000000795580000,0x0000000797280000,0x0000000797280000)
  from space 9728K, 76% used [0x0000000797300000,0x0000000797a45120,0x0000000797c80000)
  to   space 10240K, 0% used [0x0000000797c80000,0x0000000797c80000,0x0000000798680000)
 ParOldGen       total 50176K, used 13554K [0x0000000740000000, 0x0000000743100000, 0x0000000795580000)
  object space 50176K, 27% used [0x0000000740000000,0x0000000740d3cb70,0x0000000743100000)
 Metaspace       used 26233K, capacity 26890K, committed 27136K, reserved 1073152K
  class space    used 3041K, capacity 3274K, committed 3328K, reserved 1048576K
Event: 67.003 GC heap after
Heap after GC invocations=13 (full 1):
 PSYoungGen      total 38912K, used 2400K [0x0000000795580000, 0x0000000798600000, 0x00000007c0000000)
  eden space 29184K, 0% used [0x0000000795580000,0x0000000795580000,0x0000000797200000)
  from space 9728K, 24% used [0x0000000797c80000,0x0000000797ed8030,0x0000000798600000)
  to   space 10240K, 0% used [0x0000000797200000,0x0000000797200000,0x0000000797c00000)
 ParOldGen       total 50176K, used 20403K [0x0000000740000000, 0x0000000743100000, 0x0000000795580000)
  object space 50176K, 40% used [0x0000000740000000,0x00000007413ece60,0x0000000743100000)
 Metaspace       used 26233K, capacity 26890K, committed 27136K, reserved 1073152K
  class space    used 3041K, capacity 3274K, committed 3328K, reserved 1048576K
}
Event: 68.266 GC heap before
{Heap before GC invocations=14 (full 1):
 PSYoungGen      total 38912K, used 31584K [0x0000000795580000, 0x0000000798600000, 0x00000007c0000000)
  eden space 29184K, 100% used [0x0000000795580000,0x0000000797200000,0x0000000797200000)
  from space 9728K, 24% used [0x0000000797c80000,0x0000000797ed8030,0x0000000798600000)
  to   space 10240K, 0% used [0x0000000797200000,0x0000000797200000,0x0000000797c00000)
 ParOldGen       total 50176K, used 20403K [0x0000000740000000, 0x0000000743100000, 0x0000000795580000)
  object space 50176K, 40% used [0x0000000740000000,0x00000007413ece60,0x0000000743100000)
 Metaspace       used 26558K, capacity 27146K, committed 27392K, reserved 1073152K
  class space    used 3056K, capacity 3274K, committed 3328K, reserved 1048576K
Event: 68.273 GC heap after
Heap after GC invocations=14 (full 1):
 PSYoungGen      total 31744K, used 2583K [0x0000000795580000, 0x0000000798580000, 0x00000007c0000000)
  eden space 28672K, 0% used [0x0000000795580000,0x0000000795580000,0x0000000797180000)
  from space 3072K, 84% used [0x0000000797200000,0x0000000797485e50,0x0000000797500000)
  to   space 10240K, 0% used [0x0000000797b80000,0x0000000797b80000,0x0000000798580000)
 ParOldGen       total 50176K, used 22631K [0x0000000740000000, 0x0000000743100000, 0x0000000795580000)
  object space 50176K, 45% used [0x0000000740000000,0x0000000741619d30,0x0000000743100000)
 Metaspace       used 26558K, capacity 27146K, committed 27392K, reserved 1073152K
  class space    used 3056K, capacity 3274K, committed 3328K, reserved 1048576K
}
Event: 74.929 GC heap before
{Heap before GC invocations=15 (full 1):
 PSYoungGen      total 31744K, used 31255K [0x0000000795580000, 0x0000000798580000, 0x00000007c0000000)
  eden space 28672K, 100% used [0x0000000795580000,0x0000000797180000,0x0000000797180000)
  from space 3072K, 84% used [0x0000000797200000,0x0000000797485e50,0x0000000797500000)
  to   space 10240K, 0% used [0x0000000797b80000,0x0000000797b80000,0x0000000798580000)
 ParOldGen       total 50176K, used 22631K [0x0000000740000000, 0x0000000743100000, 0x0000000795580000)
  object space 50176K, 45% used [0x0000000740000000,0x0000000741619d30,0x0000000743100000)
 Metaspace       used 28518K, capacity 29252K, committed 29440K, reserved 1075200K
  class space    used 3245K, capacity 3516K, committed 3584K, reserved 1048576K
Event: 74.936 GC heap after
Heap after GC invocations=15 (full 1):
 PSYoungGen      total 37888K, used 2181K [0x0000000795580000, 0x0000000798500000, 0x00000007c0000000)
  eden space 28160K, 0% used [0x0000000795580000,0x0000000795580000,0x0000000797100000)
  from space 9728K, 22% used [0x0000000797b80000,0x0000000797da1728,0x0000000798500000)
  to   space 10240K, 0% used [0x0000000797100000,0x0000000797100000,0x0000000797b00000)
 ParOldGen       total 50176K, used 23431K [0x0000000740000000, 0x0000000743100000, 0x0000000795580000)
  object space 50176K, 46% used [0x0000000740000000,0x00000007416e1d50,0x0000000743100000)
 Metaspace       used 28518K, capacity 29252K, committed 29440K, reserved 1075200K
  class space    used 3245K, capacity 3516K, committed 3584K, reserved 1048576K
}
Event: 94.654 GC heap before
{Heap before GC invocations=16 (full 1):
 PSYoungGen      total 37888K, used 30341K [0x0000000795580000, 0x0000000798500000, 0x00000007c0000000)
  eden space 28160K, 100% used [0x0000000795580000,0x0000000797100000,0x0000000797100000)
  from space 9728K, 22% used [0x0000000797b80000,0x0000000797da1728,0x0000000798500000)
  to   space 10240K, 0% used [0x0000000797100000,0x0000000797100000,0x0000000797b00000)
 ParOldGen       total 50176K, used 23431K [0x0000000740000000, 0x0000000743100000, 0x0000000795580000)
  object space 50176K, 46% used [0x0000000740000000,0x00000007416e1d50,0x0000000743100000)
 Metaspace       used 28879K, capacity 29740K, committed 29952K, reserved 1075200K
  class space    used 3265K, capacity 3551K, committed 3584K, reserved 1048576K
Event: 94.656 GC heap after
Heap after GC invocations=16 (full 1):
 PSYoungGen      total 28672K, used 856K [0x0000000795580000, 0x0000000798480000, 0x00000007c0000000)
  eden space 27648K, 0% used [0x0000000795580000,0x0000000795580000,0x0000000797080000)
  from space 1024K, 83% used [0x0000000797100000,0x00000007971d6070,0x0000000797200000)
  to   space 10240K, 0% used [0x0000000797a80000,0x0000000797a80000,0x0000000798480000)
 ParOldGen       total 50176K, used 24079K [0x0000000740000000, 0x0000000743100000, 0x0000000795580000)
  object space 50176K, 47% used [0x0000000740000000,0x0000000741783d50,0x0000000743100000)
 Metaspace       used 28879K, capacity 29740K, committed 29952K, reserved 1075200K
  class space    used 3265K, capacity 3551K, committed 3584K, reserved 1048576K
}
Event: 102.123 GC heap before
{Heap before GC invocations=17 (full 1):
 PSYoungGen      total 28672K, used 28504K [0x0000000795580000, 0x0000000798480000, 0x00000007c0000000)
  eden space 27648K, 100% used [0x0000000795580000,0x0000000797080000,0x0000000797080000)
  from space 1024K, 83% used [0x0000000797100000,0x00000007971d6070,0x0000000797200000)
  to   space 10240K, 0% used [0x0000000797a80000,0x0000000797a80000,0x0000000798480000)
 ParOldGen       total 50176K, used 24079K [0x0000000740000000, 0x0000000743100000, 0x0000000795580000)
  object space 50176K, 47% used [0x0000000740000000,0x0000000741783d50,0x0000000743100000)
 Metaspace       used 29497K, capacity 30372K, committed 30592K, reserved 1077248K
  class space    used 3341K, capacity 3655K, committed 3712K, reserved 1048576K
Event: 102.126 GC heap after
Heap after GC invocations=17 (full 1):
 PSYoungGen      total 36864K, used 2040K [0x0000000795580000, 0x0000000798400000, 0x00000007c0000000)
  eden space 27136K, 0% used [0x0000000795580000,0x0000000795580000,0x0000000797000000)
  from space 9728K, 20% used [0x0000000797a80000,0x0000000797c7e0a0,0x0000000798400000)
  to   space 10240K, 0% used [0x0000000797000000,0x0000000797000000,0x0000000797a00000)
 ParOldGen       total 50176K, used 24471K [0x0000000740000000, 0x0000000743100000, 0x0000000795580000)
  object space 50176K, 48% used [0x0000000740000000,0x00000007417e5d50,0x0000000743100000)
 Metaspace       used 29497K, capacity 30372K, committed 30592K, reserved 1077248K
  class space    used 3341K, capacity 3655K, committed 3712K, reserved 1048576K
}

Deoptimization events (10 events):
Event: 74.884 Thread 0x00007fc0fb806800 Uncommon trap: reason=unstable_if action=reinterpret pc=0x000000010fbd739c method=java.nio.charset.CharsetEncoder.encode(Ljava/nio/CharBuffer;Ljava/nio/ByteBuffer;Z)Ljava/nio/charset/CoderResult; @ 94
Event: 76.796 Thread 0x00007fc0fb806800 Uncommon trap: reason=unstable_if action=reinterpret pc=0x000000010fc2b97c method=java.util.Properties$LineReader.readLine()I @ 323
Event: 76.796 Thread 0x00007fc0fb806800 Uncommon trap: reason=unstable_if action=reinterpret pc=0x000000011041cd5c method=java.util.Properties.loadConvert([CII[C)Ljava/lang/String; @ 57
Event: 78.743 Thread 0x00007fc0fb806800 Uncommon trap: reason=unstable_if action=reinterpret pc=0x000000010f712ad4 method=org.codehaus.plexus.util.xml.pull.MXParser.parseAttribute()C @ 983
Event: 101.996 Thread 0x00007fc0fb806800 Uncommon trap: reason=class_check action=maybe_recompile pc=0x000000011044f8a4 method=org.codehaus.plexus.classworlds.realm.ClassRealm.loadClassFromParent(Ljava/lang/String;)Ljava/lang/Class; @ 19
Event: 102.001 Thread 0x00007fc0fb806800 Uncommon trap: reason=unstable_if action=reinterpret pc=0x000000010f785b84 method=java.util.regex.Pattern.compile()V @ 320
Event: 102.138 Thread 0x00007fc0fb806800 Uncommon trap: reason=unstable_if action=reinterpret pc=0x000000010f690574 method=java.lang.Long.stringSize(J)I @ 11
Event: 102.141 Thread 0x00007fc0fb806800 Uncommon trap: reason=unstable_if action=reinterpret pc=0x00000001105d8ac0 method=java.util.jar.JarFile.maybeInstantiateVerifier()V @ 21
Event: 102.148 Thread 0x00007fc0fb806800 Uncommon trap: reason=unstable_if action=reinterpret pc=0x000000010f524f2c method=java.io.ByteArrayInputStream.read()I @ 8
Event: 102.183 Thread 0x00007fc0fb806800 Uncommon trap: reason=range_check action=make_not_entrant pc=0x00000001105f87cc method=org.objectweb.asm.Type.a([CI)Lorg/objectweb/asm/Type; @ 162

Internal exceptions (10 events):
Event: 100.004 Thread 0x00007fc0ff324800 Exception <a 'java/net/SocketTimeoutException': Read timed out> (0x0000000795da1448) thrown at [/Users/java_re/workspace/8-2-build-macosx-x86_64/jdk8u102/7268/hotspot/src/share/vm/prims/jni.cpp, line 735]
Event: 100.195 Thread 0x00007fc0ff325800 Exception <a 'java/net/SocketTimeoutException': Read timed out> (0x0000000795ddf188) thrown at [/Users/java_re/workspace/8-2-build-macosx-x86_64/jdk8u102/7268/hotspot/src/share/vm/prims/jni.cpp, line 735]
Event: 100.249 Thread 0x00007fc0ff324800 Exception <a 'java/net/SocketTimeoutException': Read timed out> (0x0000000795e1cc68) thrown at [/Users/java_re/workspace/8-2-build-macosx-x86_64/jdk8u102/7268/hotspot/src/share/vm/prims/jni.cpp, line 735]
Event: 100.304 Thread 0x00007fc0ffc87000 Exception <a 'java/net/SocketTimeoutException': Read timed out> (0x0000000795c213a8) thrown at [/Users/java_re/workspace/8-2-build-macosx-x86_64/jdk8u102/7268/hotspot/src/share/vm/prims/jni.cpp, line 735]
Event: 100.345 Thread 0x00007fc0faca8000 Exception <a 'java/net/SocketTimeoutException': Read timed out> (0x0000000795e43040) thrown at [/Users/java_re/workspace/8-2-build-macosx-x86_64/jdk8u102/7268/hotspot/src/share/vm/prims/jni.cpp, line 735]
Event: 100.425 Thread 0x00007fc0ff325800 Exception <a 'java/net/SocketTimeoutException': Read timed out> (0x0000000795df1458) thrown at [/Users/java_re/workspace/8-2-build-macosx-x86_64/jdk8u102/7268/hotspot/src/share/vm/prims/jni.cpp, line 735]
Event: 101.325 Thread 0x00007fc0ff325800 Exception <a 'java/net/SocketTimeoutException': Read timed out> (0x0000000795ecd058) thrown at [/Users/java_re/workspace/8-2-build-macosx-x86_64/jdk8u102/7268/hotspot/src/share/vm/prims/jni.cpp, line 735]
Event: 101.738 Thread 0x00007fc0faea8000 Exception <a 'java/net/SocketTimeoutException': Read timed out> (0x0000000795efcbd0) thrown at [/Users/java_re/workspace/8-2-build-macosx-x86_64/jdk8u102/7268/hotspot/src/share/vm/prims/jni.cpp, line 735]
Event: 101.989 Thread 0x00007fc0fb806800 Exception <a 'java/lang/NoClassDefFoundError': org/slf4j/Logger> (0x000000079635e970) thrown at [/Users/java_re/workspace/8-2-build-macosx-x86_64/jdk8u102/7268/hotspot/src/share/vm/oops/constantPool.cpp, line 235]
Event: 102.141 Thread 0x00007fc0fb806800 Implicit null exception at 0x00000001105d86d3 to 0x00000001105d8aaf

Events (10 events):
Event: 102.164 loading class org/objectweb/asm/Edge done
Event: 102.164 loading class org/objectweb/asm/Edge
Event: 102.164 loading class org/objectweb/asm/Edge done
Event: 102.183 Thread 0x00007fc0fb806800 Uncommon trap: trap_request=0xffffffe4 fr.pc=0x00000001105f87cc
Event: 102.183 Thread 0x00007fc0fb806800 DEOPT PACKING pc=0x00000001105f87cc sp=0x0000700000217dc0
Event: 102.183 Thread 0x00007fc0fb806800 DEOPT UNPACKING pc=0x000000010efdb229 sp=0x0000700000217d88 mode 2
Event: 102.196 loading class org/objectweb/asm/Handler
Event: 102.196 loading class org/objectweb/asm/Handler done
Event: 102.196 loading class org/objectweb/asm/Handler
Event: 102.196 loading class org/objectweb/asm/Handler done


Dynamic libraries:
0x0000000004994000 	/System/Library/Frameworks/Cocoa.framework/Versions/A/Cocoa
0x0000000004994000 	/System/Library/Frameworks/Security.framework/Versions/A/Security
0x0000000004994000 	/System/Library/Frameworks/ApplicationServices.framework/Versions/A/ApplicationServices
0x0000000004994000 	/usr/lib/libz.1.dylib
0x0000000004994000 	/usr/lib/libSystem.B.dylib
0x0000000004994000 	/usr/lib/libobjc.A.dylib
0x0000000004994000 	/System/Library/Frameworks/CoreFoundation.framework/Versions/A/CoreFoundation
0x0000000004994000 	/System/Library/Frameworks/Foundation.framework/Versions/C/Foundation
0x0000000004994000 	/System/Library/Frameworks/AppKit.framework/Versions/C/AppKit
0x0000000004994000 	/System/Library/Frameworks/CoreData.framework/Versions/A/CoreData
0x0000000004994000 	/System/Library/PrivateFrameworks/RemoteViewServices.framework/Versions/A/RemoteViewServices
0x0000000004994000 	/System/Library/PrivateFrameworks/UIFoundation.framework/Versions/A/UIFoundation
0x0000000004994000 	/usr/lib/libScreenReader.dylib
0x0000000004994000 	/System/Library/Frameworks/Accelerate.framework/Versions/A/Accelerate
0x0000000004994000 	/System/Library/Frameworks/IOSurface.framework/Versions/A/IOSurface
0x0000000004994000 	/System/Library/Frameworks/AudioToolbox.framework/Versions/A/AudioToolbox
0x0000000004994000 	/System/Library/Frameworks/AudioUnit.framework/Versions/A/AudioUnit
0x0000000004994000 	/System/Library/PrivateFrameworks/DataDetectorsCore.framework/Versions/A/DataDetectorsCore
0x0000000004994000 	/System/Library/PrivateFrameworks/DesktopServicesPriv.framework/Versions/A/DesktopServicesPriv
0x0000000004994000 	/System/Library/Frameworks/Carbon.framework/Versions/A/Frameworks/HIToolbox.framework/Versions/A/HIToolbox
0x0000000004994000 	/System/Library/Frameworks/QuartzCore.framework/Versions/A/QuartzCore
0x0000000004994000 	/System/Library/Frameworks/Carbon.framework/Versions/A/Frameworks/SpeechRecognition.framework/Versions/A/SpeechRecognition
0x0000000004994000 	/usr/lib/libauto.dylib
0x0000000004994000 	/usr/lib/libicucore.A.dylib
0x0000000004994000 	/usr/lib/libxml2.2.dylib
0x0000000004994000 	/System/Library/PrivateFrameworks/CoreUI.framework/Versions/A/CoreUI
0x0000000004994000 	/System/Library/Frameworks/CoreAudio.framework/Versions/A/CoreAudio
0x0000000004994000 	/System/Library/Frameworks/DiskArbitration.framework/Versions/A/DiskArbitration
0x0000000004994000 	/usr/lib/liblangid.dylib
0x0000000004994000 	/System/Library/PrivateFrameworks/MultitouchSupport.framework/Versions/A/MultitouchSupport
0x0000000004994000 	/System/Library/Frameworks/IOKit.framework/Versions/A/IOKit
0x0000000004994000 	/usr/lib/libDiagnosticMessagesClient.dylib
0x0000000004994000 	/System/Library/Frameworks/CoreServices.framework/Versions/A/CoreServices
0x0000000004994000 	/System/Library/PrivateFrameworks/PerformanceAnalysis.framework/Versions/A/PerformanceAnalysis
0x0000000004994000 	/System/Library/PrivateFrameworks/GenerationalStorage.framework/Versions/A/GenerationalStorage
0x0000000004994000 	/System/Library/Frameworks/OpenGL.framework/Versions/A/OpenGL
0x0000000004994000 	/System/Library/PrivateFrameworks/Sharing.framework/Versions/A/Sharing
0x0000000004994000 	/System/Library/Frameworks/CoreGraphics.framework/Versions/A/CoreGraphics
0x0000000004994000 	/System/Library/Frameworks/CoreImage.framework/Versions/A/CoreImage
0x0000000004994000 	/System/Library/Frameworks/CoreText.framework/Versions/A/CoreText
0x0000000004994000 	/System/Library/Frameworks/ImageIO.framework/Versions/A/ImageIO
0x0000000004994000 	/System/Library/PrivateFrameworks/Backup.framework/Versions/A/Backup
0x0000000004994000 	/usr/lib/libextension.dylib
0x0000000004994000 	/usr/lib/libarchive.2.dylib
0x0000000004994000 	/System/Library/Frameworks/CFNetwork.framework/Versions/A/CFNetwork
0x0000000004994000 	/System/Library/Frameworks/SystemConfiguration.framework/Versions/A/SystemConfiguration
0x0000000004994000 	/usr/lib/libCRFSuite.dylib
0x0000000004994000 	/usr/lib/libc++.1.dylib
0x0000000004994000 	/usr/lib/libc++abi.dylib
0x0000000004994000 	/usr/lib/system/libcache.dylib
0x0000000004994000 	/usr/lib/system/libcommonCrypto.dylib
0x0000000004994000 	/usr/lib/system/libcompiler_rt.dylib
0x0000000004994000 	/usr/lib/system/libcopyfile.dylib
0x0000000004994000 	/usr/lib/system/libcorecrypto.dylib
0x0000000004994000 	/usr/lib/system/libdispatch.dylib
0x0000000004994000 	/usr/lib/system/libdyld.dylib
0x0000000004994000 	/usr/lib/system/libkeymgr.dylib
0x0000000004994000 	/usr/lib/system/liblaunch.dylib
0x0000000004994000 	/usr/lib/system/libmacho.dylib
0x0000000004994000 	/usr/lib/system/libquarantine.dylib
0x0000000004994000 	/usr/lib/system/libremovefile.dylib
0x0000000004994000 	/usr/lib/system/libsystem_asl.dylib
0x0000000004994000 	/usr/lib/system/libsystem_blocks.dylib
0x0000000004994000 	/usr/lib/system/libsystem_c.dylib
0x0000000004994000 	/usr/lib/system/libsystem_configuration.dylib
0x0000000004994000 	/usr/lib/system/libsystem_coreservices.dylib
0x0000000004994000 	/usr/lib/system/libsystem_coretls.dylib
0x0000000004994000 	/usr/lib/system/libsystem_dnssd.dylib
0x0000000004994000 	/usr/lib/system/libsystem_info.dylib
0x0000000004994000 	/usr/lib/system/libsystem_kernel.dylib
0x0000000004994000 	/usr/lib/system/libsystem_m.dylib
0x0000000004994000 	/usr/lib/system/libsystem_malloc.dylib
0x0000000004994000 	/usr/lib/system/libsystem_network.dylib
0x0000000004994000 	/usr/lib/system/libsystem_networkextension.dylib
0x0000000004994000 	/usr/lib/system/libsystem_notify.dylib
0x0000000004994000 	/usr/lib/system/libsystem_platform.dylib
0x0000000004994000 	/usr/lib/system/libsystem_pthread.dylib
0x0000000004994000 	/usr/lib/system/libsystem_sandbox.dylib
0x0000000004994000 	/usr/lib/system/libsystem_secinit.dylib
0x0000000004994000 	/usr/lib/system/libsystem_trace.dylib
0x0000000004994000 	/usr/lib/system/libunc.dylib
0x0000000004994000 	/usr/lib/system/libunwind.dylib
0x0000000004994000 	/usr/lib/system/libxpc.dylib
0x0000000004994000 	/usr/lib/libenergytrace.dylib
0x0000000004994000 	/usr/lib/libbsm.0.dylib
0x0000000004994000 	/usr/lib/system/libkxld.dylib
0x0000000004994000 	/usr/lib/libxar.1.dylib
0x0000000004994000 	/usr/lib/libsqlite3.dylib
0x0000000004994000 	/usr/lib/libpam.2.dylib
0x0000000004994000 	/usr/lib/libOpenScriptingUtil.dylib
0x0000000004994000 	/usr/lib/libbz2.1.0.dylib
0x0000000004994000 	/usr/lib/liblzma.5.dylib
0x0000000004994000 	/System/Library/Frameworks/CoreServices.framework/Versions/A/Frameworks/FSEvents.framework/Versions/A/FSEvents
0x0000000004994000 	/System/Library/Frameworks/CoreServices.framework/Versions/A/Frameworks/CarbonCore.framework/Versions/A/CarbonCore
0x0000000004994000 	/System/Library/Frameworks/CoreServices.framework/Versions/A/Frameworks/Metadata.framework/Versions/A/Metadata
0x0000000004994000 	/System/Library/Frameworks/CoreServices.framework/Versions/A/Frameworks/OSServices.framework/Versions/A/OSServices
0x0000000004994000 	/System/Library/Frameworks/CoreServices.framework/Versions/A/Frameworks/SearchKit.framework/Versions/A/SearchKit
0x0000000004994000 	/System/Library/Frameworks/CoreServices.framework/Versions/A/Frameworks/AE.framework/Versions/A/AE
0x0000000004994000 	/System/Library/Frameworks/CoreServices.framework/Versions/A/Frameworks/LaunchServices.framework/Versions/A/LaunchServices
0x0000000004994000 	/System/Library/Frameworks/CoreServices.framework/Versions/A/Frameworks/DictionaryServices.framework/Versions/A/DictionaryServices
0x0000000004994000 	/System/Library/Frameworks/CoreServices.framework/Versions/A/Frameworks/SharedFileList.framework/Versions/A/SharedFileList
0x0000000004994000 	/System/Library/Frameworks/NetFS.framework/Versions/A/NetFS
0x0000000004994000 	/System/Library/PrivateFrameworks/NetAuth.framework/Versions/A/NetAuth
0x0000000004994000 	/System/Library/PrivateFrameworks/login.framework/Versions/A/Frameworks/loginsupport.framework/Versions/A/loginsupport
0x0000000004994000 	/System/Library/PrivateFrameworks/TCC.framework/Versions/A/TCC
0x0000000004994000 	/usr/lib/libmecabra.dylib
0x0000000004994000 	/System/Library/Frameworks/ApplicationServices.framework/Versions/A/Frameworks/ATS.framework/Versions/A/ATS
0x0000000004994000 	/System/Library/Frameworks/ApplicationServices.framework/Versions/A/Frameworks/ColorSync.framework/Versions/A/ColorSync
0x0000000004994000 	/System/Library/Frameworks/ApplicationServices.framework/Versions/A/Frameworks/HIServices.framework/Versions/A/HIServices
0x0000000004994000 	/System/Library/Frameworks/ApplicationServices.framework/Versions/A/Frameworks/LangAnalysis.framework/Versions/A/LangAnalysis
0x0000000004994000 	/System/Library/Frameworks/ApplicationServices.framework/Versions/A/Frameworks/PrintCore.framework/Versions/A/PrintCore
0x0000000004994000 	/System/Library/Frameworks/ApplicationServices.framework/Versions/A/Frameworks/QD.framework/Versions/A/QD
0x0000000004994000 	/System/Library/Frameworks/ApplicationServices.framework/Versions/A/Frameworks/SpeechSynthesis.framework/Versions/A/SpeechSynthesis
0x0000000004994000 	/System/Library/Frameworks/Metal.framework/Versions/A/Metal
0x0000000004994000 	/System/Library/Frameworks/Accelerate.framework/Versions/A/Frameworks/vImage.framework/Versions/A/vImage
0x0000000004994000 	/System/Library/Frameworks/Accelerate.framework/Versions/A/Frameworks/vecLib.framework/Versions/A/vecLib
0x0000000004994000 	/System/Library/Frameworks/Accelerate.framework/Versions/A/Frameworks/vecLib.framework/Versions/A/libvDSP.dylib
0x0000000004994000 	/System/Library/Frameworks/Accelerate.framework/Versions/A/Frameworks/vecLib.framework/Versions/A/libvMisc.dylib
0x0000000004994000 	/System/Library/Frameworks/Accelerate.framework/Versions/A/Frameworks/vecLib.framework/Versions/A/libLAPACK.dylib
0x0000000004994000 	/System/Library/Frameworks/Accelerate.framework/Versions/A/Frameworks/vecLib.framework/Versions/A/libBLAS.dylib
0x0000000004994000 	/System/Library/Frameworks/Accelerate.framework/Versions/A/Frameworks/vecLib.framework/Versions/A/libLinearAlgebra.dylib
0x0000000004994000 	/System/Library/Frameworks/Accelerate.framework/Versions/A/Frameworks/vecLib.framework/Versions/A/libSparseBLAS.dylib
0x0000000004994000 	/System/Library/PrivateFrameworks/GPUCompiler.framework/libmetal_timestamp.dylib
0x0000000004994000 	/System/Library/Frameworks/OpenGL.framework/Versions/A/Libraries/libCoreFSCache.dylib
0x0000000004994000 	/System/Library/PrivateFrameworks/IOAccelerator.framework/Versions/A/IOAccelerator
0x0000000004994000 	/System/Library/Frameworks/ApplicationServices.framework/Versions/A/Frameworks/ATS.framework/Versions/A/Resources/libFontParser.dylib
0x0000000004994000 	/System/Library/Frameworks/ApplicationServices.framework/Versions/A/Frameworks/ATS.framework/Versions/A/Resources/libFontRegistry.dylib
0x0000000004994000 	/System/Library/PrivateFrameworks/AppleVPA.framework/Versions/A/AppleVPA
0x0000000004994000 	/System/Library/PrivateFrameworks/AppleJPEG.framework/Versions/A/AppleJPEG
0x0000000004994000 	/System/Library/Frameworks/ImageIO.framework/Versions/A/Resources/libJPEG.dylib
0x0000000004994000 	/System/Library/Frameworks/ImageIO.framework/Versions/A/Resources/libTIFF.dylib
0x0000000004994000 	/System/Library/Frameworks/ImageIO.framework/Versions/A/Resources/libPng.dylib
0x0000000004994000 	/System/Library/Frameworks/ImageIO.framework/Versions/A/Resources/libGIF.dylib
0x0000000004994000 	/System/Library/Frameworks/ImageIO.framework/Versions/A/Resources/libJP2.dylib
0x0000000004994000 	/System/Library/Frameworks/ImageIO.framework/Versions/A/Resources/libRadiance.dylib
0x0000000004994000 	/System/Library/Frameworks/CoreVideo.framework/Versions/A/CoreVideo
0x0000000004994000 	/System/Library/Frameworks/OpenGL.framework/Versions/A/Libraries/libGLU.dylib
0x0000000004994000 	/System/Library/Frameworks/OpenGL.framework/Versions/A/Libraries/libGFXShared.dylib
0x0000000004994000 	/System/Library/Frameworks/OpenGL.framework/Versions/A/Libraries/libGL.dylib
0x0000000004994000 	/System/Library/Frameworks/OpenGL.framework/Versions/A/Libraries/libGLImage.dylib
0x0000000004994000 	/System/Library/Frameworks/OpenGL.framework/Versions/A/Libraries/libCVMSPluginSupport.dylib
0x0000000004994000 	/System/Library/Frameworks/OpenGL.framework/Versions/A/Libraries/libCoreVMClient.dylib
0x0000000004994000 	/usr/lib/libcompression.dylib
0x0000000004994000 	/usr/lib/libcups.2.dylib
0x0000000004994000 	/System/Library/Frameworks/Kerberos.framework/Versions/A/Kerberos
0x0000000004994000 	/System/Library/Frameworks/GSS.framework/Versions/A/GSS
0x0000000004994000 	/usr/lib/libresolv.9.dylib
0x0000000004994000 	/usr/lib/libiconv.2.dylib
0x0000000004994000 	/System/Library/PrivateFrameworks/Heimdal.framework/Versions/A/Heimdal
0x0000000004994000 	/usr/lib/libheimdal-asn1.dylib
0x0000000004994000 	/System/Library/Frameworks/OpenDirectory.framework/Versions/A/OpenDirectory
0x0000000004994000 	/System/Library/PrivateFrameworks/CommonAuth.framework/Versions/A/CommonAuth
0x0000000004994000 	/System/Library/Frameworks/OpenDirectory.framework/Versions/A/Frameworks/CFOpenDirectory.framework/Versions/A/CFOpenDirectory
0x0000000004994000 	/System/Library/Frameworks/SecurityFoundation.framework/Versions/A/SecurityFoundation
0x0000000004994000 	/System/Library/PrivateFrameworks/LanguageModeling.framework/Versions/A/LanguageModeling
0x0000000004994000 	/usr/lib/libmarisa.dylib
0x0000000004994000 	/usr/lib/libChineseTokenizer.dylib
0x0000000004994000 	/usr/lib/libcmph.dylib
0x0000000004994000 	/System/Library/Frameworks/ServiceManagement.framework/Versions/A/ServiceManagement
0x0000000004994000 	/usr/lib/libxslt.1.dylib
0x0000000004994000 	/System/Library/Frameworks/Carbon.framework/Versions/A/Frameworks/Ink.framework/Versions/A/Ink
0x0000000004994000 	/usr/lib/libFosl_dynamic.dylib
0x0000000004994000 	/System/Library/PrivateFrameworks/FaceCore.framework/Versions/A/FaceCore
0x0000000004994000 	/System/Library/Frameworks/OpenCL.framework/Versions/A/OpenCL
0x0000000004994000 	/System/Library/PrivateFrameworks/CrashReporterSupport.framework/Versions/A/CrashReporterSupport
0x0000000004994000 	/System/Library/PrivateFrameworks/IconServices.framework/Versions/A/IconServices
0x0000000004994000 	/System/Library/PrivateFrameworks/Apple80211.framework/Versions/A/Apple80211
0x0000000004994000 	/System/Library/Frameworks/CoreWLAN.framework/Versions/A/CoreWLAN
0x0000000004994000 	/System/Library/Frameworks/IOBluetooth.framework/Versions/A/IOBluetooth
0x0000000004994000 	/System/Library/PrivateFrameworks/CoreWiFi.framework/Versions/A/CoreWiFi
0x0000000004994000 	/System/Library/Frameworks/CoreBluetooth.framework/Versions/A/CoreBluetooth
0x0000000004994000 	/System/Library/PrivateFrameworks/ChunkingLibrary.framework/Versions/A/ChunkingLibrary
0x0000000004994000 	/System/Library/PrivateFrameworks/DebugSymbols.framework/Versions/A/DebugSymbols
0x0000000004994000 	/System/Library/PrivateFrameworks/CoreSymbolication.framework/Versions/A/CoreSymbolication
0x0000000004994000 	/System/Library/PrivateFrameworks/Symbolication.framework/Versions/A/Symbolication
0x0000000004994000 	/System/Library/PrivateFrameworks/SpeechRecognitionCore.framework/Versions/A/SpeechRecognitionCore
0x000000010e000000 	/Library/Java/JavaVirtualMachines/jdk1.8.0_102.jdk/Contents/Home/jre/lib/server/libjvm.dylib
0x0000000004994000 	/usr/lib/libstdc++.6.dylib
0x000000010cfd3000 	/Library/Java/JavaVirtualMachines/jdk1.8.0_102.jdk/Contents/Home/jre/lib/libverify.dylib
0x000000010efa1000 	/Library/Java/JavaVirtualMachines/jdk1.8.0_102.jdk/Contents/Home/jre/lib/libjava.dylib
0x000000010cfeb000 	/Library/Java/JavaVirtualMachines/jdk1.8.0_102.jdk/Contents/Home/jre/lib/libzip.dylib
0x00000001255b9000 	/System/Library/Frameworks/JavaVM.framework/Frameworks/JavaRuntimeSupport.framework/JavaRuntimeSupport
0x00000001255d4000 	/System/Library/Frameworks/JavaVM.framework/Versions/A/Frameworks/JavaNativeFoundation.framework/Versions/A/JavaNativeFoundation
0x00000001255e9000 	/System/Library/Frameworks/JavaVM.framework/Versions/A/JavaVM
0x0000000004994000 	/System/Library/Frameworks/Carbon.framework/Versions/A/Carbon
0x00000001255f6000 	/System/Library/PrivateFrameworks/JavaLaunching.framework/Versions/A/JavaLaunching
0x0000000004994000 	/System/Library/Frameworks/Carbon.framework/Versions/A/Frameworks/CommonPanels.framework/Versions/A/CommonPanels
0x0000000004994000 	/System/Library/Frameworks/Carbon.framework/Versions/A/Frameworks/Help.framework/Versions/A/Help
0x0000000004994000 	/System/Library/Frameworks/Carbon.framework/Versions/A/Frameworks/ImageCapture.framework/Versions/A/ImageCapture
0x0000000004994000 	/System/Library/Frameworks/Carbon.framework/Versions/A/Frameworks/OpenScripting.framework/Versions/A/OpenScripting
0x0000000004994000 	/System/Library/Frameworks/Carbon.framework/Versions/A/Frameworks/Print.framework/Versions/A/Print
0x0000000004994000 	/System/Library/Frameworks/Carbon.framework/Versions/A/Frameworks/SecurityHI.framework/Versions/A/SecurityHI
0x000000012710c000 	/Library/Java/JavaVirtualMachines/jdk1.8.0_102.jdk/Contents/Home/jre/lib/libnet.dylib
0x0000000127123000 	/Library/Java/JavaVirtualMachines/jdk1.8.0_102.jdk/Contents/Home/jre/lib/libnio.dylib
0x00000001271bf000 	/Library/Java/JavaVirtualMachines/jdk1.8.0_102.jdk/Contents/Home/jre/lib/libsunec.dylib

VM Arguments:
jvm_args: -Dclassworlds.conf=/Applications/NetBeans/NetBeans 8.1.app/Contents/Resources/NetBeans/java/maven/bin/m2.conf -Dmaven.home=/Applications/NetBeans/NetBeans 8.1.app/Contents/Resources/NetBeans/java/maven 
java_command: org.codehaus.plexus.classworlds.launcher.Launcher -DskipTests=true -Dmaven.ext.class.path=/Applications/NetBeans/NetBeans 8.1.app/Contents/Resources/NetBeans/java/maven-nblib/netbeans-eventspy.jar --also-make --projects jinq-hibernate-legacy --fail-at-end install
java_class_path (initial): /Applications/NetBeans/NetBeans 8.1.app/Contents/Resources/NetBeans/java/maven/boot/plexus-classworlds-2.4.jar
Launcher Type: SUN_STANDARD

Environment Variables:
JAVA_HOME=/Library/Java/JavaVirtualMachines/jdk1.8.0_102.jdk/Contents/Home
PATH=/usr/bin:/bin:/usr/sbin:/sbin
SHELL=/bin/bash

Signal Handlers:
SIGSEGV: [libjvm.dylib+0x5b0579], sa_mask[0]=11111111011111110111111111111111, sa_flags=SA_ONSTACK|SA_RESTART|SA_SIGINFO
SIGBUS: [libjvm.dylib+0x5b0579], sa_mask[0]=11111111011111110111111111111111, sa_flags=SA_RESTART|SA_SIGINFO
SIGFPE: [libjvm.dylib+0x4874e4], sa_mask[0]=11111111011111110111111111111111, sa_flags=SA_RESTART|SA_SIGINFO
SIGPIPE: [libjvm.dylib+0x4874e4], sa_mask[0]=11111111011111110111111111111111, sa_flags=SA_RESTART|SA_SIGINFO
SIGXFSZ: [libjvm.dylib+0x4874e4], sa_mask[0]=11111111011111110111111111111111, sa_flags=SA_RESTART|SA_SIGINFO
SIGILL: [libjvm.dylib+0x4874e4], sa_mask[0]=11111111011111110111111111111111, sa_flags=SA_RESTART|SA_SIGINFO
SIGUSR1: SIG_DFL, sa_mask[0]=00000000000000000000000000000000, sa_flags=none
SIGUSR2: [libjvm.dylib+0x487002], sa_mask[0]=00100000000000000000000000000000, sa_flags=SA_RESTART|SA_SIGINFO
SIGHUP: [libjvm.dylib+0x4855d9], sa_mask[0]=11111111011111110111111111111111, sa_flags=SA_RESTART|SA_SIGINFO
SIGINT: SIG_IGN, sa_mask[0]=00000000000000000000000000000000, sa_flags=none
SIGTERM: [libjvm.dylib+0x4855d9], sa_mask[0]=11111111011111110111111111111111, sa_flags=SA_RESTART|SA_SIGINFO
SIGQUIT: [libjvm.dylib+0x4855d9], sa_mask[0]=11111111011111110111111111111111, sa_flags=SA_RESTART|SA_SIGINFO


---------------  S Y S T E M  ---------------

OS:Bsduname:Darwin 15.6.0 Darwin Kernel Version 15.6.0: Thu Jun 23 18:25:34 PDT 2016; root:xnu-3248.60.10~1/RELEASE_X86_64 x86_64
rlimit: STACK 8192k, CORE 0k, NPROC 709, NOFILE 10240, AS infinity
load average:4.75 4.09 4.23

CPU:total 8 (4 cores per cpu, 2 threads per core) family 6 model 42 stepping 7, cmov, cx8, fxsr, mmx, sse, sse2, sse3, ssse3, sse4.1, sse4.2, popcnt, avx, aes, clmul, ht, tsc, tscinvbit

Memory: 4k page, physical 8388608k(1260720k free)

/proc/meminfo:


vm_info: Java HotSpot(TM) 64-Bit Server VM (25.102-b14) for bsd-amd64 JRE (1.8.0_102-b14), built on Jun 22 2016 11:42:36 by "java_re" with gcc 4.2.1 (Based on Apple Inc. build 5658) (LLVM build 2336.11.00)

time: Thu Aug 25 00:29:06 2016
elapsed time: 102 seconds (0d 0h 1m 42s)

